2020-05-08 13:45:14,972 INFO org.springframework.boot.StartupInfoLogger [main] Starting Application on Ubuntu18-4-LTR with PID 29272 (/home/user1/gitprojects/gs-spring-boot-docker/complete/build/classes/java/main started by user1 in /home/user1/gitprojects/gs-spring-boot-docker/complete)
2020-05-08 13:45:14,977 DEBUG org.springframework.boot.StartupInfoLogger [main] Running with Spring Boot v2.2.1.RELEASE, Spring v5.2.1.RELEASE
2020-05-08 13:45:14,978 INFO org.springframework.boot.SpringApplication [main] No active profile set, falling back to default profiles: default
2020-05-08 13:45:15,616 INFO org.springframework.data.repository.config.RepositoryConfigurationDelegate [main] Bootstrapping Spring Data repositories in DEFAULT mode.
2020-05-08 13:45:15,678 INFO org.springframework.data.repository.config.RepositoryConfigurationDelegate [main] Finished Spring Data repository scanning in 48ms. Found 3 repository interfaces.
2020-05-08 13:45:16,279 INFO org.springframework.context.support.PostProcessorRegistrationDelegate$BeanPostProcessorChecker [main] Bean 'org.springframework.transaction.annotation.ProxyTransactionManagementConfiguration' of type [org.springframework.transaction.annotation.ProxyTransactionManagementConfiguration] is not eligible for getting processed by all BeanPostProcessors (for example: not eligible for auto-proxying)
2020-05-08 13:45:16,558 INFO org.springframework.boot.web.embedded.tomcat.TomcatWebServer [main] Tomcat initialized with port(s): 8080 (http)
2020-05-08 13:45:16,570 INFO org.apache.juli.logging.DirectJDKLog [main] Initializing ProtocolHandler ["http-nio-8080"]
2020-05-08 13:45:16,571 INFO org.apache.juli.logging.DirectJDKLog [main] Starting service [Tomcat]
2020-05-08 13:45:16,571 INFO org.apache.juli.logging.DirectJDKLog [main] Starting Servlet engine: [Apache Tomcat/9.0.27]
2020-05-08 13:45:16,675 INFO org.apache.juli.logging.DirectJDKLog [main] Initializing Spring embedded WebApplicationContext
2020-05-08 13:45:16,676 INFO org.springframework.boot.web.servlet.context.ServletWebServerApplicationContext [main] Root WebApplicationContext: initialization completed in 1638 ms
2020-05-08 13:45:16,775 INFO org.springframework.jdbc.datasource.embedded.EmbeddedDatabaseFactory [main] Starting embedded database: url='jdbc:h2:mem:testdb;DB_CLOSE_DELAY=-1;DB_CLOSE_ON_EXIT=false', username='sa'
2020-05-08 13:45:16,949 INFO org.hibernate.jpa.internal.util.LogHelper [main] HHH000204: Processing PersistenceUnitInfo [name: default]
2020-05-08 13:45:17,039 INFO org.hibernate.Version [main] HHH000412: Hibernate Core {5.4.8.Final}
2020-05-08 13:45:17,230 INFO org.hibernate.annotations.common.reflection.java.JavaReflectionManager [main] HCANN000001: Hibernate Commons Annotations {5.1.0.Final}
2020-05-08 13:45:17,372 INFO org.hibernate.dialect.Dialect [main] HHH000400: Using dialect: org.hibernate.dialect.H2Dialect
2020-05-08 13:45:18,210 INFO org.hibernate.engine.transaction.jta.platform.internal.JtaPlatformInitiator [main] HHH000490: Using JtaPlatform implementation: [org.hibernate.engine.transaction.jta.platform.internal.NoJtaPlatform]
2020-05-08 13:45:18,215 INFO org.springframework.orm.jpa.AbstractEntityManagerFactoryBean [main] Initialized JPA EntityManagerFactory for persistence unit 'default'
2020-05-08 13:45:18,254 WARN org.springframework.boot.autoconfigure.orm.jpa.JpaBaseConfiguration$JpaWebConfiguration [main] spring.jpa.open-in-view is enabled by default. Therefore, database queries may be performed during view rendering. Explicitly configure spring.jpa.open-in-view to disable this warning
2020-05-08 13:45:18,795 DEBUG org.springframework.security.config.annotation.authentication.configuration.AuthenticationConfiguration$EnableGlobalAuthenticationAutowiredConfigurer [main] Eagerly initializing {springSecurityConfig=hello.SpringSecurityConfig$$EnhancerBySpringCGLIB$$77cce968@53d87b2d}
2020-05-08 13:45:18,801 WARN org.springframework.security.core.userdetails.User [main] User.withDefaultPasswordEncoder() is considered unsafe for production and is only intended for sample applications.
2020-05-08 13:45:18,962 DEBUG org.springframework.security.config.annotation.web.configuration.WebSecurityConfigurerAdapter [main] Using default configure(HttpSecurity). If subclassed this will potentially override subclass configure(HttpSecurity).
2020-05-08 13:45:19,000 DEBUG org.springframework.security.web.access.expression.ExpressionBasedFilterInvocationSecurityMetadataSource [main] Adding web access control expression 'hasRole('ROLE_USER')', for any request
2020-05-08 13:45:19,006 DEBUG org.springframework.security.access.intercept.AbstractSecurityInterceptor [main] Validated configuration attributes
2020-05-08 13:45:19,007 DEBUG org.springframework.security.access.intercept.AbstractSecurityInterceptor [main] Validated configuration attributes
2020-05-08 13:45:19,013 INFO org.springframework.security.web.DefaultSecurityFilterChain [main] Creating filter chain: Ant [pattern='/rest/**'], [org.springframework.security.web.context.request.async.WebAsyncManagerIntegrationFilter@7d7a8d23, org.springframework.security.web.context.SecurityContextPersistenceFilter@3fe5ad73, org.springframework.security.web.header.HeaderWriterFilter@7acfcfc4, org.springframework.security.web.authentication.logout.LogoutFilter@2dbcee03, org.springframework.security.web.authentication.www.BasicAuthenticationFilter@49de1505, org.springframework.security.web.savedrequest.RequestCacheAwareFilter@165454f7, org.springframework.security.web.servletapi.SecurityContextHolderAwareRequestFilter@66589252, org.springframework.security.web.authentication.AnonymousAuthenticationFilter@3acc65f0, org.springframework.security.web.session.SessionManagementFilter@709d2a6c, org.springframework.security.web.access.ExceptionTranslationFilter@4b9b5da5, org.springframework.security.web.access.intercept.FilterSecurityInterceptor@1ee6434]
2020-05-08 13:45:19,020 DEBUG org.springframework.security.web.access.expression.ExpressionBasedFilterInvocationSecurityMetadataSource [main] Adding web access control expression 'permitAll', for ExactUrl [processUrl='/login-error']
2020-05-08 13:45:19,021 DEBUG org.springframework.security.web.access.expression.ExpressionBasedFilterInvocationSecurityMetadataSource [main] Adding web access control expression 'permitAll', for ExactUrl [processUrl='/login']
2020-05-08 13:45:19,021 DEBUG org.springframework.security.web.access.expression.ExpressionBasedFilterInvocationSecurityMetadataSource [main] Adding web access control expression 'permitAll', for ExactUrl [processUrl='/login']
2020-05-08 13:45:19,022 DEBUG org.springframework.security.web.access.expression.ExpressionBasedFilterInvocationSecurityMetadataSource [main] Adding web access control expression 'permitAll', for Ant [pattern='/logout', POST]
2020-05-08 13:45:19,022 DEBUG org.springframework.security.web.access.expression.ExpressionBasedFilterInvocationSecurityMetadataSource [main] Adding web access control expression 'permitAll', for ExactUrl [processUrl='/login']
2020-05-08 13:45:19,022 DEBUG org.springframework.security.web.access.expression.ExpressionBasedFilterInvocationSecurityMetadataSource [main] Adding web access control expression 'permitAll', for Ant [pattern='/']
2020-05-08 13:45:19,022 DEBUG org.springframework.security.web.access.expression.ExpressionBasedFilterInvocationSecurityMetadataSource [main] Adding web access control expression 'permitAll', for Ant [pattern='/home']
2020-05-08 13:45:19,022 DEBUG org.springframework.security.web.access.expression.ExpressionBasedFilterInvocationSecurityMetadataSource [main] Adding web access control expression 'authenticated', for any request
2020-05-08 13:45:19,023 DEBUG org.springframework.security.access.intercept.AbstractSecurityInterceptor [main] Validated configuration attributes
2020-05-08 13:45:19,023 DEBUG org.springframework.security.access.intercept.AbstractSecurityInterceptor [main] Validated configuration attributes
2020-05-08 13:45:19,028 INFO org.springframework.security.web.DefaultSecurityFilterChain [main] Creating filter chain: any request, [org.springframework.security.web.context.request.async.WebAsyncManagerIntegrationFilter@49fb693d, org.springframework.security.web.context.SecurityContextPersistenceFilter@7c9512c6, org.springframework.security.web.header.HeaderWriterFilter@7204d98f, org.springframework.security.web.csrf.CsrfFilter@33a8f553, org.springframework.security.web.authentication.logout.LogoutFilter@5c3924fd, org.springframework.security.web.authentication.UsernamePasswordAuthenticationFilter@ebff59d, org.springframework.security.web.savedrequest.RequestCacheAwareFilter@4f65af91, org.springframework.security.web.servletapi.SecurityContextHolderAwareRequestFilter@1b79df53, org.springframework.security.web.authentication.AnonymousAuthenticationFilter@38197e82, org.springframework.security.web.session.SessionManagementFilter@8636cf4, org.springframework.security.web.access.ExceptionTranslationFilter@61ca5134, org.springframework.security.web.access.intercept.FilterSecurityInterceptor@3e0327dd]
2020-05-08 13:45:19,033 DEBUG org.springframework.security.web.access.expression.ExpressionBasedFilterInvocationSecurityMetadataSource [main] Adding web access control expression 'authenticated', for any request
2020-05-08 13:45:19,034 DEBUG org.springframework.security.access.intercept.AbstractSecurityInterceptor [main] Validated configuration attributes
2020-05-08 13:45:19,034 DEBUG org.springframework.security.access.intercept.AbstractSecurityInterceptor [main] Validated configuration attributes
2020-05-08 13:45:19,035 INFO org.springframework.security.web.DefaultSecurityFilterChain [main] Creating filter chain: any request, [org.springframework.security.web.context.request.async.WebAsyncManagerIntegrationFilter@399fd710, org.springframework.security.web.context.SecurityContextPersistenceFilter@363ba634, org.springframework.security.web.header.HeaderWriterFilter@1317ac2c, org.springframework.security.web.csrf.CsrfFilter@565c887e, org.springframework.security.web.authentication.logout.LogoutFilter@4ac0d49, org.springframework.security.web.authentication.UsernamePasswordAuthenticationFilter@52963839, org.springframework.security.web.authentication.ui.DefaultLoginPageGeneratingFilter@7c8f803d, org.springframework.security.web.authentication.ui.DefaultLogoutPageGeneratingFilter@7c359808, org.springframework.security.web.authentication.www.BasicAuthenticationFilter@ce0bbd5, org.springframework.security.web.savedrequest.RequestCacheAwareFilter@60fe75f7, org.springframework.security.web.servletapi.SecurityContextHolderAwareRequestFilter@4e26c308, org.springframework.security.web.authentication.AnonymousAuthenticationFilter@1f013047, org.springframework.security.web.session.SessionManagementFilter@416c1b0, org.springframework.security.web.access.ExceptionTranslationFilter@5c215642, org.springframework.security.web.access.intercept.FilterSecurityInterceptor@7bd7d71c]
2020-05-08 13:45:19,184 INFO org.springframework.scheduling.concurrent.ExecutorConfigurationSupport [main] Initializing ExecutorService 'applicationTaskExecutor'
2020-05-08 13:45:19,263 INFO org.springframework.boot.autoconfigure.web.servlet.WelcomePageHandlerMapping [main] Adding welcome page template: index
2020-05-08 13:45:19,413 INFO org.apache.juli.logging.DirectJDKLog [main] Starting ProtocolHandler ["http-nio-8080"]
2020-05-08 13:45:19,451 INFO org.springframework.boot.web.embedded.tomcat.TomcatWebServer [main] Tomcat started on port(s): 8080 (http) with context path ''
2020-05-08 13:45:19,455 INFO org.springframework.boot.StartupInfoLogger [main] Started Application in 5.081 seconds (JVM running for 5.611)
2020-05-08 13:57:48,041 INFO org.apache.juli.logging.DirectJDKLog [http-nio-8080-exec-1] Initializing Spring DispatcherServlet 'dispatcherServlet'
2020-05-08 13:57:48,042 INFO org.springframework.web.servlet.FrameworkServlet [http-nio-8080-exec-1] Initializing Servlet 'dispatcherServlet'
2020-05-08 13:57:48,071 INFO org.springframework.web.servlet.FrameworkServlet [http-nio-8080-exec-1] Completed initialization in 29 ms
2020-05-08 13:57:48,086 DEBUG org.springframework.security.web.util.matcher.AntPathRequestMatcher [http-nio-8080-exec-1] Checking match of request : '/'; against '/rest/**'
2020-05-08 13:57:48,088 DEBUG org.springframework.security.web.FilterChainProxy$VirtualFilterChain [http-nio-8080-exec-1] / at position 1 of 12 in additional filter chain; firing Filter: 'WebAsyncManagerIntegrationFilter'
2020-05-08 13:57:48,088 DEBUG org.springframework.security.web.FilterChainProxy$VirtualFilterChain [http-nio-8080-exec-1] / at position 2 of 12 in additional filter chain; firing Filter: 'SecurityContextPersistenceFilter'
2020-05-08 13:57:48,089 DEBUG org.springframework.security.web.context.HttpSessionSecurityContextRepository [http-nio-8080-exec-1] No HttpSession currently exists
2020-05-08 13:57:48,089 DEBUG org.springframework.security.web.context.HttpSessionSecurityContextRepository [http-nio-8080-exec-1] No SecurityContext was available from the HttpSession: null. A new one will be created.
2020-05-08 13:57:48,091 DEBUG org.springframework.security.web.FilterChainProxy$VirtualFilterChain [http-nio-8080-exec-1] / at position 3 of 12 in additional filter chain; firing Filter: 'HeaderWriterFilter'
2020-05-08 13:57:48,091 DEBUG org.springframework.security.web.FilterChainProxy$VirtualFilterChain [http-nio-8080-exec-1] / at position 4 of 12 in additional filter chain; firing Filter: 'CsrfFilter'
2020-05-08 13:57:48,093 DEBUG org.springframework.security.web.FilterChainProxy$VirtualFilterChain [http-nio-8080-exec-1] / at position 5 of 12 in additional filter chain; firing Filter: 'LogoutFilter'
2020-05-08 13:57:48,093 DEBUG org.springframework.security.web.util.matcher.AntPathRequestMatcher [http-nio-8080-exec-1] Request 'GET /' doesn't match 'POST /logout'
2020-05-08 13:57:48,093 DEBUG org.springframework.security.web.FilterChainProxy$VirtualFilterChain [http-nio-8080-exec-1] / at position 6 of 12 in additional filter chain; firing Filter: 'UsernamePasswordAuthenticationFilter'
2020-05-08 13:57:48,093 DEBUG org.springframework.security.web.util.matcher.AntPathRequestMatcher [http-nio-8080-exec-1] Request 'GET /' doesn't match 'POST /login'
2020-05-08 13:57:48,093 DEBUG org.springframework.security.web.FilterChainProxy$VirtualFilterChain [http-nio-8080-exec-1] / at position 7 of 12 in additional filter chain; firing Filter: 'RequestCacheAwareFilter'
2020-05-08 13:57:48,094 DEBUG org.springframework.security.web.savedrequest.HttpSessionRequestCache [http-nio-8080-exec-1] saved request doesn't match
2020-05-08 13:57:48,094 DEBUG org.springframework.security.web.FilterChainProxy$VirtualFilterChain [http-nio-8080-exec-1] / at position 8 of 12 in additional filter chain; firing Filter: 'SecurityContextHolderAwareRequestFilter'
2020-05-08 13:57:48,095 DEBUG org.springframework.security.web.FilterChainProxy$VirtualFilterChain [http-nio-8080-exec-1] / at position 9 of 12 in additional filter chain; firing Filter: 'AnonymousAuthenticationFilter'
2020-05-08 13:57:48,097 DEBUG org.springframework.security.web.authentication.AnonymousAuthenticationFilter [http-nio-8080-exec-1] Populated SecurityContextHolder with anonymous token: 'org.springframework.security.authentication.AnonymousAuthenticationToken@17f64568: Principal: anonymousUser; Credentials: [PROTECTED]; Authenticated: true; Details: org.springframework.security.web.authentication.WebAuthenticationDetails@b364: RemoteIpAddress: 0:0:0:0:0:0:0:1; SessionId: null; Granted Authorities: ROLE_ANONYMOUS'
2020-05-08 13:57:48,097 DEBUG org.springframework.security.web.FilterChainProxy$VirtualFilterChain [http-nio-8080-exec-1] / at position 10 of 12 in additional filter chain; firing Filter: 'SessionManagementFilter'
2020-05-08 13:57:48,098 DEBUG org.springframework.security.web.session.SessionManagementFilter [http-nio-8080-exec-1] Requested session ID 3B7F7708ACAC604ACD692A989D123511 is invalid.
2020-05-08 13:57:48,098 DEBUG org.springframework.security.web.FilterChainProxy$VirtualFilterChain [http-nio-8080-exec-1] / at position 11 of 12 in additional filter chain; firing Filter: 'ExceptionTranslationFilter'
2020-05-08 13:57:48,098 DEBUG org.springframework.security.web.FilterChainProxy$VirtualFilterChain [http-nio-8080-exec-1] / at position 12 of 12 in additional filter chain; firing Filter: 'FilterSecurityInterceptor'
2020-05-08 13:57:48,099 DEBUG org.springframework.security.web.util.matcher.AntPathRequestMatcher [http-nio-8080-exec-1] Request 'GET /' doesn't match 'POST /logout'
2020-05-08 13:57:48,100 DEBUG org.springframework.security.web.util.matcher.AntPathRequestMatcher [http-nio-8080-exec-1] Checking match of request : '/'; against '/'
2020-05-08 13:57:48,100 DEBUG org.springframework.security.access.intercept.AbstractSecurityInterceptor [http-nio-8080-exec-1] Secure object: FilterInvocation: URL: /; Attributes: [permitAll]
2020-05-08 13:57:48,100 DEBUG org.springframework.security.access.intercept.AbstractSecurityInterceptor [http-nio-8080-exec-1] Previously Authenticated: org.springframework.security.authentication.AnonymousAuthenticationToken@17f64568: Principal: anonymousUser; Credentials: [PROTECTED]; Authenticated: true; Details: org.springframework.security.web.authentication.WebAuthenticationDetails@b364: RemoteIpAddress: 0:0:0:0:0:0:0:1; SessionId: null; Granted Authorities: ROLE_ANONYMOUS
2020-05-08 13:57:48,105 DEBUG org.springframework.security.access.vote.AffirmativeBased [http-nio-8080-exec-1] Voter: org.springframework.security.web.access.expression.WebExpressionVoter@47de0fd4, returned: 1
2020-05-08 13:57:48,105 DEBUG org.springframework.security.access.intercept.AbstractSecurityInterceptor [http-nio-8080-exec-1] Authorization successful
2020-05-08 13:57:48,106 DEBUG org.springframework.security.access.intercept.AbstractSecurityInterceptor [http-nio-8080-exec-1] RunAsManager did not change Authentication object
2020-05-08 13:57:48,106 DEBUG org.springframework.security.web.FilterChainProxy$VirtualFilterChain [http-nio-8080-exec-1] / reached end of additional filter chain; proceeding with original chain
2020-05-08 13:57:48,461 DEBUG org.springframework.security.web.header.writers.HstsHeaderWriter [http-nio-8080-exec-1] Not injecting HSTS header since it did not match the requestMatcher org.springframework.security.web.header.writers.HstsHeaderWriter$SecureRequestMatcher@1b0eb25c
2020-05-08 13:57:48,461 DEBUG org.springframework.security.web.context.HttpSessionSecurityContextRepository$SaveToSessionResponseWrapper [http-nio-8080-exec-1] SecurityContext is empty or contents are anonymous - context will not be stored in HttpSession.
2020-05-08 13:57:48,466 DEBUG org.springframework.security.web.access.ExceptionTranslationFilter [http-nio-8080-exec-1] Chain processed normally
2020-05-08 13:57:48,467 DEBUG org.springframework.security.web.context.SecurityContextPersistenceFilter [http-nio-8080-exec-1] SecurityContextHolder now cleared, as request processing completed
2020-05-08 13:57:48,479 DEBUG org.springframework.security.web.util.matcher.AntPathRequestMatcher [http-nio-8080-exec-2] Checking match of request : '/css/styles.css'; against '/rest/**'
2020-05-08 13:57:48,479 DEBUG org.springframework.security.web.FilterChainProxy$VirtualFilterChain [http-nio-8080-exec-2] /css/styles.css at position 1 of 12 in additional filter chain; firing Filter: 'WebAsyncManagerIntegrationFilter'
2020-05-08 13:57:48,479 DEBUG org.springframework.security.web.FilterChainProxy$VirtualFilterChain [http-nio-8080-exec-2] /css/styles.css at position 2 of 12 in additional filter chain; firing Filter: 'SecurityContextPersistenceFilter'
2020-05-08 13:57:48,479 DEBUG org.springframework.security.web.context.HttpSessionSecurityContextRepository [http-nio-8080-exec-2] No HttpSession currently exists
2020-05-08 13:57:48,480 DEBUG org.springframework.security.web.context.HttpSessionSecurityContextRepository [http-nio-8080-exec-2] No SecurityContext was available from the HttpSession: null. A new one will be created.
2020-05-08 13:57:48,480 DEBUG org.springframework.security.web.FilterChainProxy$VirtualFilterChain [http-nio-8080-exec-2] /css/styles.css at position 3 of 12 in additional filter chain; firing Filter: 'HeaderWriterFilter'
2020-05-08 13:57:48,480 DEBUG org.springframework.security.web.FilterChainProxy$VirtualFilterChain [http-nio-8080-exec-2] /css/styles.css at position 4 of 12 in additional filter chain; firing Filter: 'CsrfFilter'
2020-05-08 13:57:48,480 DEBUG org.springframework.security.web.FilterChainProxy$VirtualFilterChain [http-nio-8080-exec-2] /css/styles.css at position 5 of 12 in additional filter chain; firing Filter: 'LogoutFilter'
2020-05-08 13:57:48,480 DEBUG org.springframework.security.web.util.matcher.AntPathRequestMatcher [http-nio-8080-exec-2] Request 'GET /css/styles.css' doesn't match 'POST /logout'
2020-05-08 13:57:48,480 DEBUG org.springframework.security.web.FilterChainProxy$VirtualFilterChain [http-nio-8080-exec-2] /css/styles.css at position 6 of 12 in additional filter chain; firing Filter: 'UsernamePasswordAuthenticationFilter'
2020-05-08 13:57:48,480 DEBUG org.springframework.security.web.util.matcher.AntPathRequestMatcher [http-nio-8080-exec-2] Request 'GET /css/styles.css' doesn't match 'POST /login'
2020-05-08 13:57:48,480 DEBUG org.springframework.security.web.FilterChainProxy$VirtualFilterChain [http-nio-8080-exec-2] /css/styles.css at position 7 of 12 in additional filter chain; firing Filter: 'RequestCacheAwareFilter'
2020-05-08 13:57:48,480 DEBUG org.springframework.security.web.savedrequest.HttpSessionRequestCache [http-nio-8080-exec-2] saved request doesn't match
2020-05-08 13:57:48,481 DEBUG org.springframework.security.web.FilterChainProxy$VirtualFilterChain [http-nio-8080-exec-2] /css/styles.css at position 8 of 12 in additional filter chain; firing Filter: 'SecurityContextHolderAwareRequestFilter'
2020-05-08 13:57:48,481 DEBUG org.springframework.security.web.FilterChainProxy$VirtualFilterChain [http-nio-8080-exec-2] /css/styles.css at position 9 of 12 in additional filter chain; firing Filter: 'AnonymousAuthenticationFilter'
2020-05-08 13:57:48,481 DEBUG org.springframework.security.web.authentication.AnonymousAuthenticationFilter [http-nio-8080-exec-2] Populated SecurityContextHolder with anonymous token: 'org.springframework.security.authentication.AnonymousAuthenticationToken@17f64568: Principal: anonymousUser; Credentials: [PROTECTED]; Authenticated: true; Details: org.springframework.security.web.authentication.WebAuthenticationDetails@b364: RemoteIpAddress: 0:0:0:0:0:0:0:1; SessionId: null; Granted Authorities: ROLE_ANONYMOUS'
2020-05-08 13:57:48,481 DEBUG org.springframework.security.web.FilterChainProxy$VirtualFilterChain [http-nio-8080-exec-2] /css/styles.css at position 10 of 12 in additional filter chain; firing Filter: 'SessionManagementFilter'
2020-05-08 13:57:48,481 DEBUG org.springframework.security.web.session.SessionManagementFilter [http-nio-8080-exec-2] Requested session ID 3B7F7708ACAC604ACD692A989D123511 is invalid.
2020-05-08 13:57:48,482 DEBUG org.springframework.security.web.FilterChainProxy$VirtualFilterChain [http-nio-8080-exec-2] /css/styles.css at position 11 of 12 in additional filter chain; firing Filter: 'ExceptionTranslationFilter'
2020-05-08 13:57:48,482 DEBUG org.springframework.security.web.FilterChainProxy$VirtualFilterChain [http-nio-8080-exec-2] /css/styles.css at position 12 of 12 in additional filter chain; firing Filter: 'FilterSecurityInterceptor'
2020-05-08 13:57:48,482 DEBUG org.springframework.security.web.util.matcher.AntPathRequestMatcher [http-nio-8080-exec-2] Request 'GET /css/styles.css' doesn't match 'POST /logout'
2020-05-08 13:57:48,482 DEBUG org.springframework.security.web.util.matcher.AntPathRequestMatcher [http-nio-8080-exec-2] Checking match of request : '/css/styles.css'; against '/'
2020-05-08 13:57:48,482 DEBUG org.springframework.security.web.util.matcher.AntPathRequestMatcher [http-nio-8080-exec-2] Checking match of request : '/css/styles.css'; against '/home'
2020-05-08 13:57:48,482 DEBUG org.springframework.security.access.intercept.AbstractSecurityInterceptor [http-nio-8080-exec-2] Secure object: FilterInvocation: URL: /css/styles.css; Attributes: [authenticated]
2020-05-08 13:57:48,483 DEBUG org.springframework.security.access.intercept.AbstractSecurityInterceptor [http-nio-8080-exec-2] Previously Authenticated: org.springframework.security.authentication.AnonymousAuthenticationToken@17f64568: Principal: anonymousUser; Credentials: [PROTECTED]; Authenticated: true; Details: org.springframework.security.web.authentication.WebAuthenticationDetails@b364: RemoteIpAddress: 0:0:0:0:0:0:0:1; SessionId: null; Granted Authorities: ROLE_ANONYMOUS
2020-05-08 13:57:48,484 DEBUG org.springframework.security.access.vote.AffirmativeBased [http-nio-8080-exec-2] Voter: org.springframework.security.web.access.expression.WebExpressionVoter@47de0fd4, returned: -1
2020-05-08 13:57:48,487 DEBUG org.springframework.security.web.access.ExceptionTranslationFilter [http-nio-8080-exec-2] Access is denied (user is anonymous); redirecting to authentication entry point
org.springframework.security.access.AccessDeniedException: Access is denied
	at org.springframework.security.access.vote.AffirmativeBased.decide(AffirmativeBased.java:84)
	at org.springframework.security.access.intercept.AbstractSecurityInterceptor.beforeInvocation(AbstractSecurityInterceptor.java:233)
	at org.springframework.security.web.access.intercept.FilterSecurityInterceptor.invoke(FilterSecurityInterceptor.java:123)
	at org.springframework.security.web.access.intercept.FilterSecurityInterceptor.doFilter(FilterSecurityInterceptor.java:90)
	at org.springframework.security.web.FilterChainProxy$VirtualFilterChain.doFilter(FilterChainProxy.java:334)
	at org.springframework.security.web.access.ExceptionTranslationFilter.doFilter(ExceptionTranslationFilter.java:118)
	at org.springframework.security.web.FilterChainProxy$VirtualFilterChain.doFilter(FilterChainProxy.java:334)
	at org.springframework.security.web.session.SessionManagementFilter.doFilter(SessionManagementFilter.java:137)
	at org.springframework.security.web.FilterChainProxy$VirtualFilterChain.doFilter(FilterChainProxy.java:334)
	at org.springframework.security.web.authentication.AnonymousAuthenticationFilter.doFilter(AnonymousAuthenticationFilter.java:111)
	at org.springframework.security.web.FilterChainProxy$VirtualFilterChain.doFilter(FilterChainProxy.java:334)
	at org.springframework.security.web.servletapi.SecurityContextHolderAwareRequestFilter.doFilter(SecurityContextHolderAwareRequestFilter.java:158)
	at org.springframework.security.web.FilterChainProxy$VirtualFilterChain.doFilter(FilterChainProxy.java:334)
	at org.springframework.security.web.savedrequest.RequestCacheAwareFilter.doFilter(RequestCacheAwareFilter.java:63)
	at org.springframework.security.web.FilterChainProxy$VirtualFilterChain.doFilter(FilterChainProxy.java:334)
	at org.springframework.security.web.authentication.AbstractAuthenticationProcessingFilter.doFilter(AbstractAuthenticationProcessingFilter.java:200)
	at org.springframework.security.web.FilterChainProxy$VirtualFilterChain.doFilter(FilterChainProxy.java:334)
	at org.springframework.security.web.authentication.logout.LogoutFilter.doFilter(LogoutFilter.java:116)
	at org.springframework.security.web.FilterChainProxy$VirtualFilterChain.doFilter(FilterChainProxy.java:334)
	at org.springframework.security.web.csrf.CsrfFilter.doFilterInternal(CsrfFilter.java:117)
	at org.springframework.web.filter.OncePerRequestFilter.doFilter(OncePerRequestFilter.java:119)
	at org.springframework.security.web.FilterChainProxy$VirtualFilterChain.doFilter(FilterChainProxy.java:334)
	at org.springframework.security.web.header.HeaderWriterFilter.doHeadersAfter(HeaderWriterFilter.java:92)
	at org.springframework.security.web.header.HeaderWriterFilter.doFilterInternal(HeaderWriterFilter.java:77)
	at org.springframework.web.filter.OncePerRequestFilter.doFilter(OncePerRequestFilter.java:119)
	at org.springframework.security.web.FilterChainProxy$VirtualFilterChain.doFilter(FilterChainProxy.java:334)
	at org.springframework.security.web.context.SecurityContextPersistenceFilter.doFilter(SecurityContextPersistenceFilter.java:105)
	at org.springframework.security.web.FilterChainProxy$VirtualFilterChain.doFilter(FilterChainProxy.java:334)
	at org.springframework.security.web.context.request.async.WebAsyncManagerIntegrationFilter.doFilterInternal(WebAsyncManagerIntegrationFilter.java:56)
	at org.springframework.web.filter.OncePerRequestFilter.doFilter(OncePerRequestFilter.java:119)
	at org.springframework.security.web.FilterChainProxy$VirtualFilterChain.doFilter(FilterChainProxy.java:334)
	at org.springframework.security.web.FilterChainProxy.doFilterInternal(FilterChainProxy.java:215)
	at org.springframework.security.web.FilterChainProxy.doFilter(FilterChainProxy.java:178)
	at org.springframework.web.filter.DelegatingFilterProxy.invokeDelegate(DelegatingFilterProxy.java:358)
	at org.springframework.web.filter.DelegatingFilterProxy.doFilter(DelegatingFilterProxy.java:271)
	at org.apache.catalina.core.ApplicationFilterChain.internalDoFilter(ApplicationFilterChain.java:193)
	at org.apache.catalina.core.ApplicationFilterChain.doFilter(ApplicationFilterChain.java:166)
	at org.springframework.web.filter.RequestContextFilter.doFilterInternal(RequestContextFilter.java:100)
	at org.springframework.web.filter.OncePerRequestFilter.doFilter(OncePerRequestFilter.java:119)
	at org.apache.catalina.core.ApplicationFilterChain.internalDoFilter(ApplicationFilterChain.java:193)
	at org.apache.catalina.core.ApplicationFilterChain.doFilter(ApplicationFilterChain.java:166)
	at org.springframework.web.filter.FormContentFilter.doFilterInternal(FormContentFilter.java:93)
	at org.springframework.web.filter.OncePerRequestFilter.doFilter(OncePerRequestFilter.java:119)
	at org.apache.catalina.core.ApplicationFilterChain.internalDoFilter(ApplicationFilterChain.java:193)
	at org.apache.catalina.core.ApplicationFilterChain.doFilter(ApplicationFilterChain.java:166)
	at org.springframework.web.filter.CharacterEncodingFilter.doFilterInternal(CharacterEncodingFilter.java:201)
	at org.springframework.web.filter.OncePerRequestFilter.doFilter(OncePerRequestFilter.java:119)
	at org.apache.catalina.core.ApplicationFilterChain.internalDoFilter(ApplicationFilterChain.java:193)
	at org.apache.catalina.core.ApplicationFilterChain.doFilter(ApplicationFilterChain.java:166)
	at org.apache.catalina.core.StandardWrapperValve.invoke(StandardWrapperValve.java:202)
	at org.apache.catalina.core.StandardContextValve.invoke(StandardContextValve.java:96)
	at org.apache.catalina.authenticator.AuthenticatorBase.invoke(AuthenticatorBase.java:526)
	at org.apache.catalina.core.StandardHostValve.invoke(StandardHostValve.java:139)
	at org.apache.catalina.valves.ErrorReportValve.invoke(ErrorReportValve.java:92)
	at org.apache.catalina.core.StandardEngineValve.invoke(StandardEngineValve.java:74)
	at org.apache.catalina.connector.CoyoteAdapter.service(CoyoteAdapter.java:343)
	at org.apache.coyote.http11.Http11Processor.service(Http11Processor.java:408)
	at org.apache.coyote.AbstractProcessorLight.process(AbstractProcessorLight.java:66)
	at org.apache.coyote.AbstractProtocol$ConnectionHandler.process(AbstractProtocol.java:861)
	at org.apache.tomcat.util.net.NioEndpoint$SocketProcessor.doRun(NioEndpoint.java:1579)
	at org.apache.tomcat.util.net.SocketProcessorBase.run(SocketProcessorBase.java:49)
	at java.base/java.util.concurrent.ThreadPoolExecutor.runWorker(ThreadPoolExecutor.java:1128)
	at java.base/java.util.concurrent.ThreadPoolExecutor$Worker.run(ThreadPoolExecutor.java:628)
	at org.apache.tomcat.util.threads.TaskThread$WrappingRunnable.run(TaskThread.java:61)
	at java.base/java.lang.Thread.run(Thread.java:830)
2020-05-08 13:57:48,493 DEBUG org.springframework.security.web.util.matcher.AndRequestMatcher [http-nio-8080-exec-2] Trying to match using Ant [pattern='/**', GET]
2020-05-08 13:57:48,493 DEBUG org.springframework.security.web.util.matcher.AntPathRequestMatcher [http-nio-8080-exec-2] Request '/css/styles.css' matched by universal pattern '/**'
2020-05-08 13:57:48,494 DEBUG org.springframework.security.web.util.matcher.AndRequestMatcher [http-nio-8080-exec-2] Trying to match using NegatedRequestMatcher [requestMatcher=Ant [pattern='/**/favicon.*']]
2020-05-08 13:57:48,494 DEBUG org.springframework.security.web.util.matcher.AntPathRequestMatcher [http-nio-8080-exec-2] Checking match of request : '/css/styles.css'; against '/**/favicon.*'
2020-05-08 13:57:48,494 DEBUG org.springframework.security.web.util.matcher.NegatedRequestMatcher [http-nio-8080-exec-2] matches = true
2020-05-08 13:57:48,495 DEBUG org.springframework.security.web.util.matcher.AndRequestMatcher [http-nio-8080-exec-2] Trying to match using NegatedRequestMatcher [requestMatcher=MediaTypeRequestMatcher [contentNegotiationStrategy=org.springframework.web.accept.ContentNegotiationManager@1d9ff1e2, matchingMediaTypes=[application/json], useEquals=false, ignoredMediaTypes=[*/*]]]
2020-05-08 13:57:48,495 DEBUG org.springframework.security.web.util.matcher.MediaTypeRequestMatcher [http-nio-8080-exec-2] httpRequestMediaTypes=[text/css, */*;q=0.1]
2020-05-08 13:57:48,495 DEBUG org.springframework.security.web.util.matcher.MediaTypeRequestMatcher [http-nio-8080-exec-2] Processing text/css
2020-05-08 13:57:48,496 DEBUG org.springframework.security.web.util.matcher.MediaTypeRequestMatcher [http-nio-8080-exec-2] application/json .isCompatibleWith text/css = false
2020-05-08 13:57:48,496 DEBUG org.springframework.security.web.util.matcher.MediaTypeRequestMatcher [http-nio-8080-exec-2] Processing */*;q=0.1
2020-05-08 13:57:48,496 DEBUG org.springframework.security.web.util.matcher.MediaTypeRequestMatcher [http-nio-8080-exec-2] Ignoring
2020-05-08 13:57:48,496 DEBUG org.springframework.security.web.util.matcher.MediaTypeRequestMatcher [http-nio-8080-exec-2] Did not match any media types
2020-05-08 13:57:48,496 DEBUG org.springframework.security.web.util.matcher.NegatedRequestMatcher [http-nio-8080-exec-2] matches = true
2020-05-08 13:57:48,496 DEBUG org.springframework.security.web.util.matcher.AndRequestMatcher [http-nio-8080-exec-2] Trying to match using NegatedRequestMatcher [requestMatcher=RequestHeaderRequestMatcher [expectedHeaderName=X-Requested-With, expectedHeaderValue=XMLHttpRequest]]
2020-05-08 13:57:48,496 DEBUG org.springframework.security.web.util.matcher.NegatedRequestMatcher [http-nio-8080-exec-2] matches = true
2020-05-08 13:57:48,496 DEBUG org.springframework.security.web.util.matcher.AndRequestMatcher [http-nio-8080-exec-2] Trying to match using NegatedRequestMatcher [requestMatcher=MediaTypeRequestMatcher [contentNegotiationStrategy=org.springframework.web.accept.ContentNegotiationManager@1d9ff1e2, matchingMediaTypes=[multipart/form-data], useEquals=false, ignoredMediaTypes=[*/*]]]
2020-05-08 13:57:48,497 DEBUG org.springframework.security.web.util.matcher.MediaTypeRequestMatcher [http-nio-8080-exec-2] httpRequestMediaTypes=[text/css, */*;q=0.1]
2020-05-08 13:57:48,497 DEBUG org.springframework.security.web.util.matcher.MediaTypeRequestMatcher [http-nio-8080-exec-2] Processing text/css
2020-05-08 13:57:48,497 DEBUG org.springframework.security.web.util.matcher.MediaTypeRequestMatcher [http-nio-8080-exec-2] multipart/form-data .isCompatibleWith text/css = false
2020-05-08 13:57:48,497 DEBUG org.springframework.security.web.util.matcher.MediaTypeRequestMatcher [http-nio-8080-exec-2] Processing */*;q=0.1
2020-05-08 13:57:48,497 DEBUG org.springframework.security.web.util.matcher.MediaTypeRequestMatcher [http-nio-8080-exec-2] Ignoring
2020-05-08 13:57:48,497 DEBUG org.springframework.security.web.util.matcher.MediaTypeRequestMatcher [http-nio-8080-exec-2] Did not match any media types
2020-05-08 13:57:48,497 DEBUG org.springframework.security.web.util.matcher.NegatedRequestMatcher [http-nio-8080-exec-2] matches = true
2020-05-08 13:57:48,497 DEBUG org.springframework.security.web.util.matcher.AndRequestMatcher [http-nio-8080-exec-2] All requestMatchers returned true
2020-05-08 13:57:48,514 DEBUG org.springframework.security.web.savedrequest.HttpSessionRequestCache [http-nio-8080-exec-2] DefaultSavedRequest added to Session: DefaultSavedRequest[http://localhost:8080/css/styles.css]
2020-05-08 13:57:48,515 DEBUG org.springframework.security.web.access.ExceptionTranslationFilter [http-nio-8080-exec-2] Calling Authentication entry point.
2020-05-08 13:57:48,516 DEBUG org.springframework.security.web.DefaultRedirectStrategy [http-nio-8080-exec-2] Redirecting to 'http://localhost:8080/login'
2020-05-08 13:57:48,517 DEBUG org.springframework.security.web.header.writers.HstsHeaderWriter [http-nio-8080-exec-2] Not injecting HSTS header since it did not match the requestMatcher org.springframework.security.web.header.writers.HstsHeaderWriter$SecureRequestMatcher@1b0eb25c
2020-05-08 13:57:48,517 DEBUG org.springframework.security.web.context.HttpSessionSecurityContextRepository$SaveToSessionResponseWrapper [http-nio-8080-exec-2] SecurityContext is empty or contents are anonymous - context will not be stored in HttpSession.
2020-05-08 13:57:48,518 DEBUG org.springframework.security.web.context.SecurityContextPersistenceFilter [http-nio-8080-exec-2] SecurityContextHolder now cleared, as request processing completed
2020-05-08 13:57:48,522 DEBUG org.springframework.security.web.util.matcher.AntPathRequestMatcher [http-nio-8080-exec-3] Checking match of request : '/login'; against '/rest/**'
2020-05-08 13:57:48,522 DEBUG org.springframework.security.web.FilterChainProxy$VirtualFilterChain [http-nio-8080-exec-3] /login at position 1 of 12 in additional filter chain; firing Filter: 'WebAsyncManagerIntegrationFilter'
2020-05-08 13:57:48,522 DEBUG org.springframework.security.web.FilterChainProxy$VirtualFilterChain [http-nio-8080-exec-3] /login at position 2 of 12 in additional filter chain; firing Filter: 'SecurityContextPersistenceFilter'
2020-05-08 13:57:48,523 DEBUG org.springframework.security.web.context.HttpSessionSecurityContextRepository [http-nio-8080-exec-3] HttpSession returned null object for SPRING_SECURITY_CONTEXT
2020-05-08 13:57:48,523 DEBUG org.springframework.security.web.context.HttpSessionSecurityContextRepository [http-nio-8080-exec-3] No SecurityContext was available from the HttpSession: org.apache.catalina.session.StandardSessionFacade@74b5fa65. A new one will be created.
2020-05-08 13:57:48,523 DEBUG org.springframework.security.web.FilterChainProxy$VirtualFilterChain [http-nio-8080-exec-3] /login at position 3 of 12 in additional filter chain; firing Filter: 'HeaderWriterFilter'
2020-05-08 13:57:48,523 DEBUG org.springframework.security.web.FilterChainProxy$VirtualFilterChain [http-nio-8080-exec-3] /login at position 4 of 12 in additional filter chain; firing Filter: 'CsrfFilter'
2020-05-08 13:57:48,523 DEBUG org.springframework.security.web.FilterChainProxy$VirtualFilterChain [http-nio-8080-exec-3] /login at position 5 of 12 in additional filter chain; firing Filter: 'LogoutFilter'
2020-05-08 13:57:48,523 DEBUG org.springframework.security.web.util.matcher.AntPathRequestMatcher [http-nio-8080-exec-3] Request 'GET /login' doesn't match 'POST /logout'
2020-05-08 13:57:48,524 DEBUG org.springframework.security.web.FilterChainProxy$VirtualFilterChain [http-nio-8080-exec-3] /login at position 6 of 12 in additional filter chain; firing Filter: 'UsernamePasswordAuthenticationFilter'
2020-05-08 13:57:48,524 DEBUG org.springframework.security.web.util.matcher.AntPathRequestMatcher [http-nio-8080-exec-3] Request 'GET /login' doesn't match 'POST /login'
2020-05-08 13:57:48,524 DEBUG org.springframework.security.web.FilterChainProxy$VirtualFilterChain [http-nio-8080-exec-3] /login at position 7 of 12 in additional filter chain; firing Filter: 'RequestCacheAwareFilter'
2020-05-08 13:57:48,524 DEBUG org.springframework.security.web.savedrequest.DefaultSavedRequest [http-nio-8080-exec-3] pathInfo: both null (property equals)
2020-05-08 13:57:48,524 DEBUG org.springframework.security.web.savedrequest.DefaultSavedRequest [http-nio-8080-exec-3] queryString: both null (property equals)
2020-05-08 13:57:48,524 DEBUG org.springframework.security.web.savedrequest.DefaultSavedRequest [http-nio-8080-exec-3] requestURI: arg1=/css/styles.css; arg2=/login (property not equals)
2020-05-08 13:57:48,524 DEBUG org.springframework.security.web.savedrequest.HttpSessionRequestCache [http-nio-8080-exec-3] saved request doesn't match
2020-05-08 13:57:48,525 DEBUG org.springframework.security.web.FilterChainProxy$VirtualFilterChain [http-nio-8080-exec-3] /login at position 8 of 12 in additional filter chain; firing Filter: 'SecurityContextHolderAwareRequestFilter'
2020-05-08 13:57:48,525 DEBUG org.springframework.security.web.FilterChainProxy$VirtualFilterChain [http-nio-8080-exec-3] /login at position 9 of 12 in additional filter chain; firing Filter: 'AnonymousAuthenticationFilter'
2020-05-08 13:57:48,525 DEBUG org.springframework.security.web.authentication.AnonymousAuthenticationFilter [http-nio-8080-exec-3] Populated SecurityContextHolder with anonymous token: 'org.springframework.security.authentication.AnonymousAuthenticationToken@230c7c50: Principal: anonymousUser; Credentials: [PROTECTED]; Authenticated: true; Details: org.springframework.security.web.authentication.WebAuthenticationDetails@fffc7f0c: RemoteIpAddress: 0:0:0:0:0:0:0:1; SessionId: D65F64C3BF0D91752ED9B72DA84C2EDD; Granted Authorities: ROLE_ANONYMOUS'
2020-05-08 13:57:48,525 DEBUG org.springframework.security.web.FilterChainProxy$VirtualFilterChain [http-nio-8080-exec-3] /login at position 10 of 12 in additional filter chain; firing Filter: 'SessionManagementFilter'
2020-05-08 13:57:48,525 DEBUG org.springframework.security.web.FilterChainProxy$VirtualFilterChain [http-nio-8080-exec-3] /login at position 11 of 12 in additional filter chain; firing Filter: 'ExceptionTranslationFilter'
2020-05-08 13:57:48,525 DEBUG org.springframework.security.web.FilterChainProxy$VirtualFilterChain [http-nio-8080-exec-3] /login at position 12 of 12 in additional filter chain; firing Filter: 'FilterSecurityInterceptor'
2020-05-08 13:57:48,526 DEBUG org.springframework.security.access.intercept.AbstractSecurityInterceptor [http-nio-8080-exec-3] Secure object: FilterInvocation: URL: /login; Attributes: [permitAll]
2020-05-08 13:57:48,526 DEBUG org.springframework.security.access.intercept.AbstractSecurityInterceptor [http-nio-8080-exec-3] Previously Authenticated: org.springframework.security.authentication.AnonymousAuthenticationToken@230c7c50: Principal: anonymousUser; Credentials: [PROTECTED]; Authenticated: true; Details: org.springframework.security.web.authentication.WebAuthenticationDetails@fffc7f0c: RemoteIpAddress: 0:0:0:0:0:0:0:1; SessionId: D65F64C3BF0D91752ED9B72DA84C2EDD; Granted Authorities: ROLE_ANONYMOUS
2020-05-08 13:57:48,526 DEBUG org.springframework.security.access.vote.AffirmativeBased [http-nio-8080-exec-3] Voter: org.springframework.security.web.access.expression.WebExpressionVoter@47de0fd4, returned: 1
2020-05-08 13:57:48,526 DEBUG org.springframework.security.access.intercept.AbstractSecurityInterceptor [http-nio-8080-exec-3] Authorization successful
2020-05-08 13:57:48,527 DEBUG org.springframework.security.access.intercept.AbstractSecurityInterceptor [http-nio-8080-exec-3] RunAsManager did not change Authentication object
2020-05-08 13:57:48,527 DEBUG org.springframework.security.web.FilterChainProxy$VirtualFilterChain [http-nio-8080-exec-3] /login reached end of additional filter chain; proceeding with original chain
2020-05-08 13:57:48,536 DEBUG org.springframework.security.web.header.writers.HstsHeaderWriter [http-nio-8080-exec-3] Not injecting HSTS header since it did not match the requestMatcher org.springframework.security.web.header.writers.HstsHeaderWriter$SecureRequestMatcher@1b0eb25c
2020-05-08 13:57:48,537 DEBUG org.springframework.security.web.context.HttpSessionSecurityContextRepository$SaveToSessionResponseWrapper [http-nio-8080-exec-3] SecurityContext is empty or contents are anonymous - context will not be stored in HttpSession.
2020-05-08 13:57:48,538 DEBUG org.springframework.security.web.access.ExceptionTranslationFilter [http-nio-8080-exec-3] Chain processed normally
2020-05-08 13:57:48,538 DEBUG org.springframework.security.web.context.SecurityContextPersistenceFilter [http-nio-8080-exec-3] SecurityContextHolder now cleared, as request processing completed
